[2025-08-14T16:04:59Z] [info]: The connection to the DB has been successfully established.
[2025-08-14T16:04:59Z] [info]: Non production environment detected!
[2025-08-14T16:04:59Z] [info]: Wiping DB ...
[2025-08-14T16:04:59Z] [info]: ✅ Server is running on http://localhost:3002
[2025-08-14T16:05:16Z] [info]: The connection to the DB has been successfully established.
[2025-08-14T16:05:16Z] [info]: Non production environment detected!
[2025-08-14T16:05:16Z] [info]: Wiping DB ...
[2025-08-14T16:05:16Z] [info]: ✅ Server is running on http://localhost:3002
[2025-08-14T16:05:20Z] [info]: The connection to the DB has been successfully established.
[2025-08-14T16:05:20Z] [info]: Non production environment detected!
[2025-08-14T16:05:20Z] [info]: Wiping DB ...
[2025-08-14T16:05:20Z] [info]: ✅ Server is running on http://localhost:3002
[2025-08-14T16:06:28Z] [info]: The connection to the DB has been successfully established.
[2025-08-14T16:06:28Z] [info]: Non production environment detected!
[2025-08-14T16:06:28Z] [info]: Wiping DB ...
[2025-08-14T16:06:28Z] [info]: ✅ Server is running on http://localhost:3002
[2025-08-14T16:06:28Z] [info]: All data from DB was successfully wiped.
[2025-08-14T16:06:28Z] [info]: Creating default permissions ...
[2025-08-14T16:06:28Z] [info]: Default permissions successfully created.
[2025-08-14T16:06:28Z] [info]: Creating development roles ...
[2025-08-14T16:06:28Z] [info]: Development roles successfully created.
[2025-08-14T16:06:28Z] [info]: Associating development roles and permissions ...
[2025-08-14T16:06:28Z] [info]: Permissions associations with development roles where successfully created.
[2025-08-14T16:06:28Z] [info]: Creating development users ...
[2025-08-14T16:06:29Z] [info]: Development users successfully created.
[2025-08-14T16:06:45Z] [info]: The connection to the DB has been successfully established.
[2025-08-14T16:06:45Z] [info]: Non production environment detected!
[2025-08-14T16:06:45Z] [info]: Wiping DB ...
[2025-08-14T16:06:45Z] [info]: ✅ Server is running on http://localhost:3002
[2025-08-14T16:06:45Z] [info]: All data from DB was successfully wiped.
[2025-08-14T16:06:45Z] [info]: Creating default permissions ...
[2025-08-14T16:06:45Z] [info]: Default permissions successfully created.
[2025-08-14T16:06:45Z] [info]: Creating development roles ...
[2025-08-14T16:06:45Z] [info]: Development roles successfully created.
[2025-08-14T16:06:45Z] [info]: Associating development roles and permissions ...
[2025-08-14T16:06:45Z] [info]: Permissions associations with development roles where successfully created.
[2025-08-14T16:06:45Z] [info]: Creating development users ...
[2025-08-14T16:06:45Z] [info]: Development users successfully created.
[2025-08-14T16:06:47Z] [info]: The connection to the DB has been successfully established.
[2025-08-14T16:06:47Z] [info]: Non production environment detected!
[2025-08-14T16:06:47Z] [info]: Wiping DB ...
[2025-08-14T16:06:47Z] [info]: ✅ Server is running on http://localhost:3002
[2025-08-14T16:06:47Z] [info]: All data from DB was successfully wiped.
[2025-08-14T16:06:47Z] [info]: Creating default permissions ...
[2025-08-14T16:06:47Z] [info]: Default permissions successfully created.
[2025-08-14T16:06:47Z] [info]: Creating development roles ...
[2025-08-14T16:06:47Z] [info]: Development roles successfully created.
[2025-08-14T16:06:47Z] [info]: Associating development roles and permissions ...
[2025-08-14T16:06:47Z] [info]: Permissions associations with development roles where successfully created.
[2025-08-14T16:06:47Z] [info]: Creating development users ...
[2025-08-14T16:06:47Z] [info]: Development users successfully created.
